time="2025-11-21 17:07:18" level=info msg="Starting Blog Admin API..."
2025/11/21 17:07:18 Database connected successfully

2025/11/21 17:07:18 [32m/Users/dujie/go/src/github.com/ydcloud-dy/leaf-api/internal/model/po/models.go:167
[0m[33m[1.327ms] [34;1m[rows:-][0m SELECT DATABASE()

2025/11/21 17:07:18 [32m/Users/dujie/go/src/github.com/ydcloud-dy/leaf-api/internal/model/po/models.go:167
[0m[33m[7.797ms] [34;1m[rows:1][0m SELECT SCHEMA_NAME from Information_schema.SCHEMATA where SCHEMA_NAME LIKE 'leaf_admin%' ORDER BY SCHEMA_NAME='leaf_admin' DESC,SCHEMA_NAME limit 1

2025/11/21 17:07:18 [32m/Users/dujie/go/src/github.com/ydcloud-dy/leaf-api/internal/model/po/models.go:167
[0m[33m[2.486ms] [34;1m[rows:-][0m SELECT count(*) FROM information_schema.tables WHERE table_schema = 'leaf_admin' AND table_name = 'admins' AND table_type = 'BASE TABLE'

2025/11/21 17:07:18 [32m/Users/dujie/go/src/github.com/ydcloud-dy/leaf-api/internal/model/po/models.go:167
[0m[33m[0.130ms] [34;1m[rows:-][0m SELECT DATABASE()

2025/11/21 17:07:18 [32m/Users/dujie/go/src/github.com/ydcloud-dy/leaf-api/internal/model/po/models.go:167
[0m[33m[1.081ms] [34;1m[rows:1][0m SELECT SCHEMA_NAME from Information_schema.SCHEMATA where SCHEMA_NAME LIKE 'leaf_admin%' ORDER BY SCHEMA_NAME='leaf_admin' DESC,SCHEMA_NAME limit 1

2025/11/21 17:07:18 [32m/Users/dujie/go/src/github.com/ydcloud-dy/leaf-api/internal/model/po/models.go:167
[0m[33m[1.483ms] [34;1m[rows:-][0m SELECT * FROM `admins` LIMIT 1

2025/11/21 17:07:18 [32m/Users/dujie/go/src/github.com/ydcloud-dy/leaf-api/internal/model/po/models.go:167
[0m[33m[3.795ms] [34;1m[rows:-][0m SELECT column_name, column_default, is_nullable = 'YES', data_type, character_maximum_length, column_type, column_key, extra, column_comment, numeric_precision, numeric_scale , datetime_precision FROM information_schema.columns WHERE table_schema = 'leaf_admin' AND table_name = 'admins' ORDER BY ORDINAL_POSITION

2025/11/21 17:07:18 [32m/Users/dujie/go/src/github.com/ydcloud-dy/leaf-api/internal/model/po/models.go:167
[0m[33m[0.226ms] [34;1m[rows:-][0m SELECT DATABASE()

2025/11/21 17:07:18 [32m/Users/dujie/go/src/github.com/ydcloud-dy/leaf-api/internal/model/po/models.go:167
[0m[33m[0.891ms] [34;1m[rows:1][0m SELECT SCHEMA_NAME from Information_schema.SCHEMATA where SCHEMA_NAME LIKE 'leaf_admin%' ORDER BY SCHEMA_NAME='leaf_admin' DESC,SCHEMA_NAME limit 1

2025/11/21 17:07:18 [32m/Users/dujie/go/src/github.com/ydcloud-dy/leaf-api/internal/model/po/models.go:167
[0m[33m[1.839ms] [34;1m[rows:-][0m SELECT count(*) FROM information_schema.statistics WHERE table_schema = 'leaf_admin' AND table_name = 'admins' AND index_name = 'idx_admins_username'

2025/11/21 17:07:18 [32m/Users/dujie/go/src/github.com/ydcloud-dy/leaf-api/internal/model/po/models.go:167
[0m[33m[0.213ms] [34;1m[rows:-][0m SELECT DATABASE()

2025/11/21 17:07:18 [32m/Users/dujie/go/src/github.com/ydcloud-dy/leaf-api/internal/model/po/models.go:167
[0m[33m[0.999ms] [34;1m[rows:1][0m SELECT SCHEMA_NAME from Information_schema.SCHEMATA where SCHEMA_NAME LIKE 'leaf_admin%' ORDER BY SCHEMA_NAME='leaf_admin' DESC,SCHEMA_NAME limit 1

2025/11/21 17:07:18 [32m/Users/dujie/go/src/github.com/ydcloud-dy/leaf-api/internal/model/po/models.go:167
[0m[33m[0.850ms] [34;1m[rows:-][0m SELECT count(*) FROM information_schema.statistics WHERE table_schema = 'leaf_admin' AND table_name = 'admins' AND index_name = 'idx_admins_deleted_at'

2025/11/21 17:07:18 [32m/Users/dujie/go/src/github.com/ydcloud-dy/leaf-api/internal/model/po/models.go:167
[0m[33m[0.236ms] [34;1m[rows:-][0m SELECT DATABASE()

2025/11/21 17:07:18 [32m/Users/dujie/go/src/github.com/ydcloud-dy/leaf-api/internal/model/po/models.go:167
[0m[33m[0.780ms] [34;1m[rows:1][0m SELECT SCHEMA_NAME from Information_schema.SCHEMATA where SCHEMA_NAME LIKE 'leaf_admin%' ORDER BY SCHEMA_NAME='leaf_admin' DESC,SCHEMA_NAME limit 1

2025/11/21 17:07:18 [32m/Users/dujie/go/src/github.com/ydcloud-dy/leaf-api/internal/model/po/models.go:167
[0m[33m[1.211ms] [34;1m[rows:-][0m SELECT count(*) FROM information_schema.tables WHERE table_schema = 'leaf_admin' AND table_name = 'users' AND table_type = 'BASE TABLE'

2025/11/21 17:07:18 [32m/Users/dujie/go/src/github.com/ydcloud-dy/leaf-api/internal/model/po/models.go:167
[0m[33m[0.321ms] [34;1m[rows:-][0m SELECT DATABASE()

2025/11/21 17:07:18 [32m/Users/dujie/go/src/github.com/ydcloud-dy/leaf-api/internal/model/po/models.go:167
[0m[33m[1.248ms] [34;1m[rows:1][0m SELECT SCHEMA_NAME from Information_schema.SCHEMATA where SCHEMA_NAME LIKE 'leaf_admin%' ORDER BY SCHEMA_NAME='leaf_admin' DESC,SCHEMA_NAME limit 1

2025/11/21 17:07:18 [32m/Users/dujie/go/src/github.com/ydcloud-dy/leaf-api/internal/model/po/models.go:167
[0m[33m[2.841ms] [34;1m[rows:-][0m SELECT * FROM `users` LIMIT 1

2025/11/21 17:07:18 [32m/Users/dujie/go/src/github.com/ydcloud-dy/leaf-api/internal/model/po/models.go:167
[0m[33m[1.909ms] [34;1m[rows:-][0m SELECT column_name, column_default, is_nullable = 'YES', data_type, character_maximum_length, column_type, column_key, extra, column_comment, numeric_precision, numeric_scale , datetime_precision FROM information_schema.columns WHERE table_schema = 'leaf_admin' AND table_name = 'users' ORDER BY ORDINAL_POSITION

2025/11/21 17:07:18 [32m/Users/dujie/go/src/github.com/ydcloud-dy/leaf-api/internal/model/po/models.go:167
[0m[33m[0.231ms] [34;1m[rows:-][0m SELECT DATABASE()

2025/11/21 17:07:18 [32m/Users/dujie/go/src/github.com/ydcloud-dy/leaf-api/internal/model/po/models.go:167
[0m[33m[2.009ms] [34;1m[rows:1][0m SELECT SCHEMA_NAME from Information_schema.SCHEMATA where SCHEMA_NAME LIKE 'leaf_admin%' ORDER BY SCHEMA_NAME='leaf_admin' DESC,SCHEMA_NAME limit 1

2025/11/21 17:07:18 [32m/Users/dujie/go/src/github.com/ydcloud-dy/leaf-api/internal/model/po/models.go:167
[0m[33m[1.568ms] [34;1m[rows:-][0m SELECT count(*) FROM information_schema.statistics WHERE table_schema = 'leaf_admin' AND table_name = 'users' AND index_name = 'idx_users_username'

2025/11/21 17:07:18 [32m/Users/dujie/go/src/github.com/ydcloud-dy/leaf-api/internal/model/po/models.go:167
[0m[33m[0.382ms] [34;1m[rows:-][0m SELECT DATABASE()

2025/11/21 17:07:18 [32m/Users/dujie/go/src/github.com/ydcloud-dy/leaf-api/internal/model/po/models.go:167
[0m[33m[2.043ms] [34;1m[rows:1][0m SELECT SCHEMA_NAME from Information_schema.SCHEMATA where SCHEMA_NAME LIKE 'leaf_admin%' ORDER BY SCHEMA_NAME='leaf_admin' DESC,SCHEMA_NAME limit 1

2025/11/21 17:07:18 [32m/Users/dujie/go/src/github.com/ydcloud-dy/leaf-api/internal/model/po/models.go:167
[0m[33m[2.271ms] [34;1m[rows:-][0m SELECT count(*) FROM information_schema.statistics WHERE table_schema = 'leaf_admin' AND table_name = 'users' AND index_name = 'idx_users_email'

2025/11/21 17:07:18 [32m/Users/dujie/go/src/github.com/ydcloud-dy/leaf-api/internal/model/po/models.go:167
[0m[33m[1.383ms] [34;1m[rows:-][0m SELECT DATABASE()

2025/11/21 17:07:18 [32m/Users/dujie/go/src/github.com/ydcloud-dy/leaf-api/internal/model/po/models.go:167
[0m[33m[0.830ms] [34;1m[rows:1][0m SELECT SCHEMA_NAME from Information_schema.SCHEMATA where SCHEMA_NAME LIKE 'leaf_admin%' ORDER BY SCHEMA_NAME='leaf_admin' DESC,SCHEMA_NAME limit 1

2025/11/21 17:07:19 [32m/Users/dujie/go/src/github.com/ydcloud-dy/leaf-api/internal/model/po/models.go:167
[0m[33m[31.674ms] [34;1m[rows:-][0m SELECT count(*) FROM information_schema.statistics WHERE table_schema = 'leaf_admin' AND table_name = 'users' AND index_name = 'idx_users_deleted_at'

2025/11/21 17:07:19 [32m/Users/dujie/go/src/github.com/ydcloud-dy/leaf-api/internal/model/po/models.go:167
[0m[33m[0.371ms] [34;1m[rows:-][0m SELECT DATABASE()

2025/11/21 17:07:19 [32m/Users/dujie/go/src/github.com/ydcloud-dy/leaf-api/internal/model/po/models.go:167
[0m[33m[0.843ms] [34;1m[rows:1][0m SELECT SCHEMA_NAME from Information_schema.SCHEMATA where SCHEMA_NAME LIKE 'leaf_admin%' ORDER BY SCHEMA_NAME='leaf_admin' DESC,SCHEMA_NAME limit 1

2025/11/21 17:07:19 [32m/Users/dujie/go/src/github.com/ydcloud-dy/leaf-api/internal/model/po/models.go:167
[0m[33m[1.363ms] [34;1m[rows:-][0m SELECT count(*) FROM information_schema.tables WHERE table_schema = 'leaf_admin' AND table_name = 'categories' AND table_type = 'BASE TABLE'

2025/11/21 17:07:19 [32m/Users/dujie/go/src/github.com/ydcloud-dy/leaf-api/internal/model/po/models.go:167
[0m[33m[0.149ms] [34;1m[rows:-][0m SELECT DATABASE()

2025/11/21 17:07:19 [32m/Users/dujie/go/src/github.com/ydcloud-dy/leaf-api/internal/model/po/models.go:167
[0m[33m[0.596ms] [34;1m[rows:1][0m SELECT SCHEMA_NAME from Information_schema.SCHEMATA where SCHEMA_NAME LIKE 'leaf_admin%' ORDER BY SCHEMA_NAME='leaf_admin' DESC,SCHEMA_NAME limit 1

2025/11/21 17:07:19 [32m/Users/dujie/go/src/github.com/ydcloud-dy/leaf-api/internal/model/po/models.go:167
[0m[33m[4.804ms] [34;1m[rows:-][0m SELECT * FROM `categories` LIMIT 1

2025/11/21 17:07:19 [32m/Users/dujie/go/src/github.com/ydcloud-dy/leaf-api/internal/model/po/models.go:167
[0m[33m[2.243ms] [34;1m[rows:-][0m SELECT column_name, column_default, is_nullable = 'YES', data_type, character_maximum_length, column_type, column_key, extra, column_comment, numeric_precision, numeric_scale , datetime_precision FROM information_schema.columns WHERE table_schema = 'leaf_admin' AND table_name = 'categories' ORDER BY ORDINAL_POSITION

2025/11/21 17:07:19 [32m/Users/dujie/go/src/github.com/ydcloud-dy/leaf-api/internal/model/po/models.go:167
[0m[33m[0.165ms] [34;1m[rows:-][0m SELECT DATABASE()

2025/11/21 17:07:19 [32m/Users/dujie/go/src/github.com/ydcloud-dy/leaf-api/internal/model/po/models.go:167
[0m[33m[0.519ms] [34;1m[rows:1][0m SELECT SCHEMA_NAME from Information_schema.SCHEMATA where SCHEMA_NAME LIKE 'leaf_admin%' ORDER BY SCHEMA_NAME='leaf_admin' DESC,SCHEMA_NAME limit 1

2025/11/21 17:07:19 [32m/Users/dujie/go/src/github.com/ydcloud-dy/leaf-api/internal/model/po/models.go:167
[0m[33m[1.093ms] [34;1m[rows:-][0m SELECT count(*) FROM information_schema.statistics WHERE table_schema = 'leaf_admin' AND table_name = 'categories' AND index_name = 'idx_categories_name'

2025/11/21 17:07:19 [32m/Users/dujie/go/src/github.com/ydcloud-dy/leaf-api/internal/model/po/models.go:167
[0m[33m[0.108ms] [34;1m[rows:-][0m SELECT DATABASE()

2025/11/21 17:07:19 [32m/Users/dujie/go/src/github.com/ydcloud-dy/leaf-api/internal/model/po/models.go:167
[0m[33m[0.598ms] [34;1m[rows:1][0m SELECT SCHEMA_NAME from Information_schema.SCHEMATA where SCHEMA_NAME LIKE 'leaf_admin%' ORDER BY SCHEMA_NAME='leaf_admin' DESC,SCHEMA_NAME limit 1

2025/11/21 17:07:19 [32m/Users/dujie/go/src/github.com/ydcloud-dy/leaf-api/internal/model/po/models.go:167
[0m[33m[1.009ms] [34;1m[rows:-][0m SELECT count(*) FROM information_schema.statistics WHERE table_schema = 'leaf_admin' AND table_name = 'categories' AND index_name = 'idx_categories_deleted_at'

2025/11/21 17:07:19 [32m/Users/dujie/go/src/github.com/ydcloud-dy/leaf-api/internal/model/po/models.go:167
[0m[33m[0.254ms] [34;1m[rows:-][0m SELECT DATABASE()

2025/11/21 17:07:19 [32m/Users/dujie/go/src/github.com/ydcloud-dy/leaf-api/internal/model/po/models.go:167
[0m[33m[1.614ms] [34;1m[rows:1][0m SELECT SCHEMA_NAME from Information_schema.SCHEMATA where SCHEMA_NAME LIKE 'leaf_admin%' ORDER BY SCHEMA_NAME='leaf_admin' DESC,SCHEMA_NAME limit 1

2025/11/21 17:07:19 [32m/Users/dujie/go/src/github.com/ydcloud-dy/leaf-api/internal/model/po/models.go:167
[0m[33m[1.097ms] [34;1m[rows:-][0m SELECT count(*) FROM information_schema.tables WHERE table_schema = 'leaf_admin' AND table_name = 'articles' AND table_type = 'BASE TABLE'

2025/11/21 17:07:19 [32m/Users/dujie/go/src/github.com/ydcloud-dy/leaf-api/internal/model/po/models.go:167
[0m[33m[0.159ms] [34;1m[rows:-][0m SELECT DATABASE()

2025/11/21 17:07:19 [32m/Users/dujie/go/src/github.com/ydcloud-dy/leaf-api/internal/model/po/models.go:167
[0m[33m[0.885ms] [34;1m[rows:1][0m SELECT SCHEMA_NAME from Information_schema.SCHEMATA where SCHEMA_NAME LIKE 'leaf_admin%' ORDER BY SCHEMA_NAME='leaf_admin' DESC,SCHEMA_NAME limit 1

2025/11/21 17:07:19 [32m/Users/dujie/go/src/github.com/ydcloud-dy/leaf-api/internal/model/po/models.go:167
[0m[33m[0.668ms] [34;1m[rows:-][0m SELECT * FROM `articles` LIMIT 1

2025/11/21 17:07:19 [32m/Users/dujie/go/src/github.com/ydcloud-dy/leaf-api/internal/model/po/models.go:167
[0m[33m[5.968ms] [34;1m[rows:-][0m SELECT column_name, column_default, is_nullable = 'YES', data_type, character_maximum_length, column_type, column_key, extra, column_comment, numeric_precision, numeric_scale , datetime_precision FROM information_schema.columns WHERE table_schema = 'leaf_admin' AND table_name = 'articles' ORDER BY ORDINAL_POSITION

2025/11/21 17:07:19 [32m/Users/dujie/go/src/github.com/ydcloud-dy/leaf-api/internal/model/po/models.go:167
[0m[33m[0.192ms] [34;1m[rows:-][0m SELECT DATABASE()

2025/11/21 17:07:19 [32m/Users/dujie/go/src/github.com/ydcloud-dy/leaf-api/internal/model/po/models.go:167
[0m[33m[0.737ms] [34;1m[rows:1][0m SELECT SCHEMA_NAME from Information_schema.SCHEMATA where SCHEMA_NAME LIKE 'leaf_admin%' ORDER BY SCHEMA_NAME='leaf_admin' DESC,SCHEMA_NAME limit 1

2025/11/21 17:07:19 [32m/Users/dujie/go/src/github.com/ydcloud-dy/leaf-api/internal/model/po/models.go:167
[0m[33m[1.339ms] [34;1m[rows:-][0m SELECT count(*) FROM INFORMATION_SCHEMA.table_constraints WHERE constraint_schema = 'leaf_admin' AND table_name = 'articles' AND constraint_name = 'fk_articles_category'

2025/11/21 17:07:19 [32m/Users/dujie/go/src/github.com/ydcloud-dy/leaf-api/internal/model/po/models.go:167
[0m[33m[0.175ms] [34;1m[rows:-][0m SELECT DATABASE()

2025/11/21 17:07:19 [32m/Users/dujie/go/src/github.com/ydcloud-dy/leaf-api/internal/model/po/models.go:167
[0m[33m[0.665ms] [34;1m[rows:1][0m SELECT SCHEMA_NAME from Information_schema.SCHEMATA where SCHEMA_NAME LIKE 'leaf_admin%' ORDER BY SCHEMA_NAME='leaf_admin' DESC,SCHEMA_NAME limit 1

2025/11/21 17:07:19 [32m/Users/dujie/go/src/github.com/ydcloud-dy/leaf-api/internal/model/po/models.go:167
[0m[33m[0.724ms] [34;1m[rows:-][0m SELECT count(*) FROM information_schema.statistics WHERE table_schema = 'leaf_admin' AND table_name = 'articles' AND index_name = 'idx_articles_author_id'

2025/11/21 17:07:19 [32m/Users/dujie/go/src/github.com/ydcloud-dy/leaf-api/internal/model/po/models.go:167
[0m[33m[0.098ms] [34;1m[rows:-][0m SELECT DATABASE()

2025/11/21 17:07:19 [32m/Users/dujie/go/src/github.com/ydcloud-dy/leaf-api/internal/model/po/models.go:167
[0m[33m[0.404ms] [34;1m[rows:1][0m SELECT SCHEMA_NAME from Information_schema.SCHEMATA where SCHEMA_NAME LIKE 'leaf_admin%' ORDER BY SCHEMA_NAME='leaf_admin' DESC,SCHEMA_NAME limit 1

2025/11/21 17:07:19 [32m/Users/dujie/go/src/github.com/ydcloud-dy/leaf-api/internal/model/po/models.go:167
[0m[33m[0.733ms] [34;1m[rows:-][0m SELECT count(*) FROM information_schema.statistics WHERE table_schema = 'leaf_admin' AND table_name = 'articles' AND index_name = 'idx_articles_category_id'

2025/11/21 17:07:19 [32m/Users/dujie/go/src/github.com/ydcloud-dy/leaf-api/internal/model/po/models.go:167
[0m[33m[0.112ms] [34;1m[rows:-][0m SELECT DATABASE()

2025/11/21 17:07:19 [32m/Users/dujie/go/src/github.com/ydcloud-dy/leaf-api/internal/model/po/models.go:167
[0m[33m[0.431ms] [34;1m[rows:1][0m SELECT SCHEMA_NAME from Information_schema.SCHEMATA where SCHEMA_NAME LIKE 'leaf_admin%' ORDER BY SCHEMA_NAME='leaf_admin' DESC,SCHEMA_NAME limit 1

2025/11/21 17:07:19 [32m/Users/dujie/go/src/github.com/ydcloud-dy/leaf-api/internal/model/po/models.go:167
[0m[33m[0.711ms] [34;1m[rows:-][0m SELECT count(*) FROM information_schema.statistics WHERE table_schema = 'leaf_admin' AND table_name = 'articles' AND index_name = 'idx_articles_deleted_at'

2025/11/21 17:07:19 [32m/Users/dujie/go/src/github.com/ydcloud-dy/leaf-api/internal/model/po/models.go:167
[0m[33m[0.099ms] [34;1m[rows:-][0m SELECT DATABASE()

2025/11/21 17:07:19 [32m/Users/dujie/go/src/github.com/ydcloud-dy/leaf-api/internal/model/po/models.go:167
[0m[33m[0.417ms] [34;1m[rows:1][0m SELECT SCHEMA_NAME from Information_schema.SCHEMATA where SCHEMA_NAME LIKE 'leaf_admin%' ORDER BY SCHEMA_NAME='leaf_admin' DESC,SCHEMA_NAME limit 1

2025/11/21 17:07:19 [32m/Users/dujie/go/src/github.com/ydcloud-dy/leaf-api/internal/model/po/models.go:167
[0m[33m[0.786ms] [34;1m[rows:-][0m SELECT count(*) FROM information_schema.tables WHERE table_schema = 'leaf_admin' AND table_name = 'tags' AND table_type = 'BASE TABLE'

2025/11/21 17:07:19 [32m/Users/dujie/go/src/github.com/ydcloud-dy/leaf-api/internal/model/po/models.go:167
[0m[33m[0.163ms] [34;1m[rows:-][0m SELECT DATABASE()

2025/11/21 17:07:19 [32m/Users/dujie/go/src/github.com/ydcloud-dy/leaf-api/internal/model/po/models.go:167
[0m[33m[0.537ms] [34;1m[rows:1][0m SELECT SCHEMA_NAME from Information_schema.SCHEMATA where SCHEMA_NAME LIKE 'leaf_admin%' ORDER BY SCHEMA_NAME='leaf_admin' DESC,SCHEMA_NAME limit 1

2025/11/21 17:07:19 [32m/Users/dujie/go/src/github.com/ydcloud-dy/leaf-api/internal/model/po/models.go:167
[0m[33m[0.329ms] [34;1m[rows:-][0m SELECT * FROM `tags` LIMIT 1

2025/11/21 17:07:19 [32m/Users/dujie/go/src/github.com/ydcloud-dy/leaf-api/internal/model/po/models.go:167
[0m[33m[1.107ms] [34;1m[rows:-][0m SELECT column_name, column_default, is_nullable = 'YES', data_type, character_maximum_length, column_type, column_key, extra, column_comment, numeric_precision, numeric_scale , datetime_precision FROM information_schema.columns WHERE table_schema = 'leaf_admin' AND table_name = 'tags' ORDER BY ORDINAL_POSITION

2025/11/21 17:07:19 [32m/Users/dujie/go/src/github.com/ydcloud-dy/leaf-api/internal/model/po/models.go:167
[0m[33m[0.124ms] [34;1m[rows:-][0m SELECT DATABASE()

2025/11/21 17:07:19 [32m/Users/dujie/go/src/github.com/ydcloud-dy/leaf-api/internal/model/po/models.go:167
[0m[33m[0.807ms] [34;1m[rows:1][0m SELECT SCHEMA_NAME from Information_schema.SCHEMATA where SCHEMA_NAME LIKE 'leaf_admin%' ORDER BY SCHEMA_NAME='leaf_admin' DESC,SCHEMA_NAME limit 1

2025/11/21 17:07:19 [32m/Users/dujie/go/src/github.com/ydcloud-dy/leaf-api/internal/model/po/models.go:167
[0m[33m[0.837ms] [34;1m[rows:-][0m SELECT count(*) FROM information_schema.statistics WHERE table_schema = 'leaf_admin' AND table_name = 'tags' AND index_name = 'idx_tags_name'

2025/11/21 17:07:19 [32m/Users/dujie/go/src/github.com/ydcloud-dy/leaf-api/internal/model/po/models.go:167
[0m[33m[0.121ms] [34;1m[rows:-][0m SELECT DATABASE()

2025/11/21 17:07:19 [32m/Users/dujie/go/src/github.com/ydcloud-dy/leaf-api/internal/model/po/models.go:167
[0m[33m[0.624ms] [34;1m[rows:1][0m SELECT SCHEMA_NAME from Information_schema.SCHEMATA where SCHEMA_NAME LIKE 'leaf_admin%' ORDER BY SCHEMA_NAME='leaf_admin' DESC,SCHEMA_NAME limit 1

2025/11/21 17:07:19 [32m/Users/dujie/go/src/github.com/ydcloud-dy/leaf-api/internal/model/po/models.go:167
[0m[33m[0.764ms] [34;1m[rows:-][0m SELECT count(*) FROM information_schema.statistics WHERE table_schema = 'leaf_admin' AND table_name = 'tags' AND index_name = 'idx_tags_deleted_at'

2025/11/21 17:07:19 [32m/Users/dujie/go/src/github.com/ydcloud-dy/leaf-api/internal/model/po/models.go:167
[0m[33m[0.103ms] [34;1m[rows:-][0m SELECT DATABASE()

2025/11/21 17:07:19 [32m/Users/dujie/go/src/github.com/ydcloud-dy/leaf-api/internal/model/po/models.go:167
[0m[33m[0.559ms] [34;1m[rows:1][0m SELECT SCHEMA_NAME from Information_schema.SCHEMATA where SCHEMA_NAME LIKE 'leaf_admin%' ORDER BY SCHEMA_NAME='leaf_admin' DESC,SCHEMA_NAME limit 1

2025/11/21 17:07:19 [32m/Users/dujie/go/src/github.com/ydcloud-dy/leaf-api/internal/model/po/models.go:167
[0m[33m[0.877ms] [34;1m[rows:-][0m SELECT count(*) FROM information_schema.tables WHERE table_schema = 'leaf_admin' AND table_name = 'article_tags' AND table_type = 'BASE TABLE'

2025/11/21 17:07:19 [32m/Users/dujie/go/src/github.com/ydcloud-dy/leaf-api/internal/model/po/models.go:167
[0m[33m[0.168ms] [34;1m[rows:-][0m SELECT DATABASE()

2025/11/21 17:07:19 [32m/Users/dujie/go/src/github.com/ydcloud-dy/leaf-api/internal/model/po/models.go:167
[0m[33m[0.433ms] [34;1m[rows:1][0m SELECT SCHEMA_NAME from Information_schema.SCHEMATA where SCHEMA_NAME LIKE 'leaf_admin%' ORDER BY SCHEMA_NAME='leaf_admin' DESC,SCHEMA_NAME limit 1

2025/11/21 17:07:19 [32m/Users/dujie/go/src/github.com/ydcloud-dy/leaf-api/internal/model/po/models.go:167
[0m[33m[0.231ms] [34;1m[rows:-][0m SELECT * FROM `article_tags` LIMIT 1

2025/11/21 17:07:19 [32m/Users/dujie/go/src/github.com/ydcloud-dy/leaf-api/internal/model/po/models.go:167
[0m[33m[0.861ms] [34;1m[rows:-][0m SELECT column_name, column_default, is_nullable = 'YES', data_type, character_maximum_length, column_type, column_key, extra, column_comment, numeric_precision, numeric_scale , datetime_precision FROM information_schema.columns WHERE table_schema = 'leaf_admin' AND table_name = 'article_tags' ORDER BY ORDINAL_POSITION

2025/11/21 17:07:19 [32m/Users/dujie/go/src/github.com/ydcloud-dy/leaf-api/internal/model/po/models.go:167
[0m[33m[0.142ms] [34;1m[rows:-][0m SELECT DATABASE()

2025/11/21 17:07:19 [32m/Users/dujie/go/src/github.com/ydcloud-dy/leaf-api/internal/model/po/models.go:167
[0m[33m[0.501ms] [34;1m[rows:1][0m SELECT SCHEMA_NAME from Information_schema.SCHEMATA where SCHEMA_NAME LIKE 'leaf_admin%' ORDER BY SCHEMA_NAME='leaf_admin' DESC,SCHEMA_NAME limit 1

2025/11/21 17:07:19 [32m/Users/dujie/go/src/github.com/ydcloud-dy/leaf-api/internal/model/po/models.go:167
[0m[33m[9.594ms] [34;1m[rows:-][0m SELECT count(*) FROM INFORMATION_SCHEMA.table_constraints WHERE constraint_schema = 'leaf_admin' AND table_name = 'article_tags' AND constraint_name = 'fk_article_tags_article'

2025/11/21 17:07:19 [32m/Users/dujie/go/src/github.com/ydcloud-dy/leaf-api/internal/model/po/models.go:167
[0m[33m[0.180ms] [34;1m[rows:-][0m SELECT DATABASE()

2025/11/21 17:07:19 [32m/Users/dujie/go/src/github.com/ydcloud-dy/leaf-api/internal/model/po/models.go:167
[0m[33m[0.636ms] [34;1m[rows:1][0m SELECT SCHEMA_NAME from Information_schema.SCHEMATA where SCHEMA_NAME LIKE 'leaf_admin%' ORDER BY SCHEMA_NAME='leaf_admin' DESC,SCHEMA_NAME limit 1

2025/11/21 17:07:19 [32m/Users/dujie/go/src/github.com/ydcloud-dy/leaf-api/internal/model/po/models.go:167
[0m[33m[1.282ms] [34;1m[rows:-][0m SELECT count(*) FROM INFORMATION_SCHEMA.table_constraints WHERE constraint_schema = 'leaf_admin' AND table_name = 'article_tags' AND constraint_name = 'fk_article_tags_tag'

2025/11/21 17:07:19 [32m/Users/dujie/go/src/github.com/ydcloud-dy/leaf-api/internal/model/po/models.go:167
[0m[33m[0.160ms] [34;1m[rows:-][0m SELECT DATABASE()

2025/11/21 17:07:19 [32m/Users/dujie/go/src/github.com/ydcloud-dy/leaf-api/internal/model/po/models.go:167
[0m[33m[0.646ms] [34;1m[rows:1][0m SELECT SCHEMA_NAME from Information_schema.SCHEMATA where SCHEMA_NAME LIKE 'leaf_admin%' ORDER BY SCHEMA_NAME='leaf_admin' DESC,SCHEMA_NAME limit 1

2025/11/21 17:07:19 [32m/Users/dujie/go/src/github.com/ydcloud-dy/leaf-api/internal/model/po/models.go:167
[0m[33m[1.132ms] [34;1m[rows:-][0m SELECT count(*) FROM information_schema.tables WHERE table_schema = 'leaf_admin' AND table_name = 'comments' AND table_type = 'BASE TABLE'

2025/11/21 17:07:19 [32m/Users/dujie/go/src/github.com/ydcloud-dy/leaf-api/internal/model/po/models.go:167
[0m[33m[0.135ms] [34;1m[rows:-][0m SELECT DATABASE()

2025/11/21 17:07:19 [32m/Users/dujie/go/src/github.com/ydcloud-dy/leaf-api/internal/model/po/models.go:167
[0m[33m[0.547ms] [34;1m[rows:1][0m SELECT SCHEMA_NAME from Information_schema.SCHEMATA where SCHEMA_NAME LIKE 'leaf_admin%' ORDER BY SCHEMA_NAME='leaf_admin' DESC,SCHEMA_NAME limit 1

2025/11/21 17:07:19 [32m/Users/dujie/go/src/github.com/ydcloud-dy/leaf-api/internal/model/po/models.go:167
[0m[33m[0.469ms] [34;1m[rows:-][0m SELECT * FROM `comments` LIMIT 1

2025/11/21 17:07:19 [32m/Users/dujie/go/src/github.com/ydcloud-dy/leaf-api/internal/model/po/models.go:167
[0m[33m[1.179ms] [34;1m[rows:-][0m SELECT column_name, column_default, is_nullable = 'YES', data_type, character_maximum_length, column_type, column_key, extra, column_comment, numeric_precision, numeric_scale , datetime_precision FROM information_schema.columns WHERE table_schema = 'leaf_admin' AND table_name = 'comments' ORDER BY ORDINAL_POSITION

2025/11/21 17:07:19 [32m/Users/dujie/go/src/github.com/ydcloud-dy/leaf-api/internal/model/po/models.go:167
[0m[33m[0.149ms] [34;1m[rows:-][0m SELECT DATABASE()

2025/11/21 17:07:19 [32m/Users/dujie/go/src/github.com/ydcloud-dy/leaf-api/internal/model/po/models.go:167
[0m[33m[0.723ms] [34;1m[rows:1][0m SELECT SCHEMA_NAME from Information_schema.SCHEMATA where SCHEMA_NAME LIKE 'leaf_admin%' ORDER BY SCHEMA_NAME='leaf_admin' DESC,SCHEMA_NAME limit 1

2025/11/21 17:07:19 [32m/Users/dujie/go/src/github.com/ydcloud-dy/leaf-api/internal/model/po/models.go:167
[0m[33m[0.992ms] [34;1m[rows:-][0m SELECT count(*) FROM INFORMATION_SCHEMA.table_constraints WHERE constraint_schema = 'leaf_admin' AND table_name = 'comments' AND constraint_name = 'fk_comments_user'

2025/11/21 17:07:19 [32m/Users/dujie/go/src/github.com/ydcloud-dy/leaf-api/internal/model/po/models.go:167
[0m[33m[0.125ms] [34;1m[rows:-][0m SELECT DATABASE()

2025/11/21 17:07:19 [32m/Users/dujie/go/src/github.com/ydcloud-dy/leaf-api/internal/model/po/models.go:167
[0m[33m[0.601ms] [34;1m[rows:1][0m SELECT SCHEMA_NAME from Information_schema.SCHEMATA where SCHEMA_NAME LIKE 'leaf_admin%' ORDER BY SCHEMA_NAME='leaf_admin' DESC,SCHEMA_NAME limit 1

2025/11/21 17:07:19 [32m/Users/dujie/go/src/github.com/ydcloud-dy/leaf-api/internal/model/po/models.go:167
[0m[33m[0.811ms] [34;1m[rows:-][0m SELECT count(*) FROM INFORMATION_SCHEMA.table_constraints WHERE constraint_schema = 'leaf_admin' AND table_name = 'comments' AND constraint_name = 'fk_comments_reply_to_user'

2025/11/21 17:07:19 [32m/Users/dujie/go/src/github.com/ydcloud-dy/leaf-api/internal/model/po/models.go:167
[0m[33m[0.181ms] [34;1m[rows:-][0m SELECT DATABASE()

2025/11/21 17:07:19 [32m/Users/dujie/go/src/github.com/ydcloud-dy/leaf-api/internal/model/po/models.go:167
[0m[33m[0.645ms] [34;1m[rows:1][0m SELECT SCHEMA_NAME from Information_schema.SCHEMATA where SCHEMA_NAME LIKE 'leaf_admin%' ORDER BY SCHEMA_NAME='leaf_admin' DESC,SCHEMA_NAME limit 1

2025/11/21 17:07:19 [32m/Users/dujie/go/src/github.com/ydcloud-dy/leaf-api/internal/model/po/models.go:167
[0m[33m[0.637ms] [34;1m[rows:-][0m SELECT count(*) FROM INFORMATION_SCHEMA.table_constraints WHERE constraint_schema = 'leaf_admin' AND table_name = 'comments' AND constraint_name = 'fk_comments_article'

2025/11/21 17:07:19 [32m/Users/dujie/go/src/github.com/ydcloud-dy/leaf-api/internal/model/po/models.go:167
[0m[33m[0.086ms] [34;1m[rows:-][0m SELECT DATABASE()

2025/11/21 17:07:19 [32m/Users/dujie/go/src/github.com/ydcloud-dy/leaf-api/internal/model/po/models.go:167
[0m[33m[0.419ms] [34;1m[rows:1][0m SELECT SCHEMA_NAME from Information_schema.SCHEMATA where SCHEMA_NAME LIKE 'leaf_admin%' ORDER BY SCHEMA_NAME='leaf_admin' DESC,SCHEMA_NAME limit 1

2025/11/21 17:07:19 [32m/Users/dujie/go/src/github.com/ydcloud-dy/leaf-api/internal/model/po/models.go:167
[0m[33m[0.631ms] [34;1m[rows:-][0m SELECT count(*) FROM INFORMATION_SCHEMA.table_constraints WHERE constraint_schema = 'leaf_admin' AND table_name = 'comments' AND constraint_name = 'fk_comments_replies'

2025/11/21 17:07:19 [32m/Users/dujie/go/src/github.com/ydcloud-dy/leaf-api/internal/model/po/models.go:167
[0m[33m[0.098ms] [34;1m[rows:-][0m SELECT DATABASE()

2025/11/21 17:07:19 [32m/Users/dujie/go/src/github.com/ydcloud-dy/leaf-api/internal/model/po/models.go:167
[0m[33m[0.466ms] [34;1m[rows:1][0m SELECT SCHEMA_NAME from Information_schema.SCHEMATA where SCHEMA_NAME LIKE 'leaf_admin%' ORDER BY SCHEMA_NAME='leaf_admin' DESC,SCHEMA_NAME limit 1

2025/11/21 17:07:19 [32m/Users/dujie/go/src/github.com/ydcloud-dy/leaf-api/internal/model/po/models.go:167
[0m[33m[0.757ms] [34;1m[rows:-][0m SELECT count(*) FROM information_schema.statistics WHERE table_schema = 'leaf_admin' AND table_name = 'comments' AND index_name = 'idx_comments_article_id'

2025/11/21 17:07:19 [32m/Users/dujie/go/src/github.com/ydcloud-dy/leaf-api/internal/model/po/models.go:167
[0m[33m[0.109ms] [34;1m[rows:-][0m SELECT DATABASE()

2025/11/21 17:07:19 [32m/Users/dujie/go/src/github.com/ydcloud-dy/leaf-api/internal/model/po/models.go:167
[0m[33m[0.436ms] [34;1m[rows:1][0m SELECT SCHEMA_NAME from Information_schema.SCHEMATA where SCHEMA_NAME LIKE 'leaf_admin%' ORDER BY SCHEMA_NAME='leaf_admin' DESC,SCHEMA_NAME limit 1

2025/11/21 17:07:19 [32m/Users/dujie/go/src/github.com/ydcloud-dy/leaf-api/internal/model/po/models.go:167
[0m[33m[0.722ms] [34;1m[rows:-][0m SELECT count(*) FROM information_schema.statistics WHERE table_schema = 'leaf_admin' AND table_name = 'comments' AND index_name = 'idx_comments_user_id'

2025/11/21 17:07:19 [32m/Users/dujie/go/src/github.com/ydcloud-dy/leaf-api/internal/model/po/models.go:167
[0m[33m[0.115ms] [34;1m[rows:-][0m SELECT DATABASE()

2025/11/21 17:07:19 [32m/Users/dujie/go/src/github.com/ydcloud-dy/leaf-api/internal/model/po/models.go:167
[0m[33m[0.546ms] [34;1m[rows:1][0m SELECT SCHEMA_NAME from Information_schema.SCHEMATA where SCHEMA_NAME LIKE 'leaf_admin%' ORDER BY SCHEMA_NAME='leaf_admin' DESC,SCHEMA_NAME limit 1

2025/11/21 17:07:19 [32m/Users/dujie/go/src/github.com/ydcloud-dy/leaf-api/internal/model/po/models.go:167
[0m[33m[0.775ms] [34;1m[rows:-][0m SELECT count(*) FROM information_schema.statistics WHERE table_schema = 'leaf_admin' AND table_name = 'comments' AND index_name = 'idx_comments_parent_id'

2025/11/21 17:07:19 [32m/Users/dujie/go/src/github.com/ydcloud-dy/leaf-api/internal/model/po/models.go:167
[0m[33m[0.238ms] [34;1m[rows:-][0m SELECT DATABASE()

2025/11/21 17:07:19 [32m/Users/dujie/go/src/github.com/ydcloud-dy/leaf-api/internal/model/po/models.go:167
[0m[33m[0.683ms] [34;1m[rows:1][0m SELECT SCHEMA_NAME from Information_schema.SCHEMATA where SCHEMA_NAME LIKE 'leaf_admin%' ORDER BY SCHEMA_NAME='leaf_admin' DESC,SCHEMA_NAME limit 1

2025/11/21 17:07:19 [32m/Users/dujie/go/src/github.com/ydcloud-dy/leaf-api/internal/model/po/models.go:167
[0m[33m[0.931ms] [34;1m[rows:-][0m SELECT count(*) FROM information_schema.statistics WHERE table_schema = 'leaf_admin' AND table_name = 'comments' AND index_name = 'idx_comments_reply_to_user_id'

2025/11/21 17:07:19 [32m/Users/dujie/go/src/github.com/ydcloud-dy/leaf-api/internal/model/po/models.go:167
[0m[33m[0.142ms] [34;1m[rows:-][0m SELECT DATABASE()

2025/11/21 17:07:19 [32m/Users/dujie/go/src/github.com/ydcloud-dy/leaf-api/internal/model/po/models.go:167
[0m[33m[0.554ms] [34;1m[rows:1][0m SELECT SCHEMA_NAME from Information_schema.SCHEMATA where SCHEMA_NAME LIKE 'leaf_admin%' ORDER BY SCHEMA_NAME='leaf_admin' DESC,SCHEMA_NAME limit 1

2025/11/21 17:07:19 [32m/Users/dujie/go/src/github.com/ydcloud-dy/leaf-api/internal/model/po/models.go:167
[0m[33m[0.857ms] [34;1m[rows:-][0m SELECT count(*) FROM information_schema.statistics WHERE table_schema = 'leaf_admin' AND table_name = 'comments' AND index_name = 'idx_comments_deleted_at'

2025/11/21 17:07:19 [32m/Users/dujie/go/src/github.com/ydcloud-dy/leaf-api/internal/model/po/models.go:167
[0m[33m[0.134ms] [34;1m[rows:-][0m SELECT DATABASE()

2025/11/21 17:07:19 [32m/Users/dujie/go/src/github.com/ydcloud-dy/leaf-api/internal/model/po/models.go:167
[0m[33m[0.668ms] [34;1m[rows:1][0m SELECT SCHEMA_NAME from Information_schema.SCHEMATA where SCHEMA_NAME LIKE 'leaf_admin%' ORDER BY SCHEMA_NAME='leaf_admin' DESC,SCHEMA_NAME limit 1

2025/11/21 17:07:19 [32m/Users/dujie/go/src/github.com/ydcloud-dy/leaf-api/internal/model/po/models.go:167
[0m[33m[1.287ms] [34;1m[rows:-][0m SELECT count(*) FROM information_schema.tables WHERE table_schema = 'leaf_admin' AND table_name = 'likes' AND table_type = 'BASE TABLE'

2025/11/21 17:07:19 [32m/Users/dujie/go/src/github.com/ydcloud-dy/leaf-api/internal/model/po/models.go:167
[0m[33m[0.144ms] [34;1m[rows:-][0m SELECT DATABASE()

2025/11/21 17:07:19 [32m/Users/dujie/go/src/github.com/ydcloud-dy/leaf-api/internal/model/po/models.go:167
[0m[33m[0.646ms] [34;1m[rows:1][0m SELECT SCHEMA_NAME from Information_schema.SCHEMATA where SCHEMA_NAME LIKE 'leaf_admin%' ORDER BY SCHEMA_NAME='leaf_admin' DESC,SCHEMA_NAME limit 1

2025/11/21 17:07:19 [32m/Users/dujie/go/src/github.com/ydcloud-dy/leaf-api/internal/model/po/models.go:167
[0m[33m[0.463ms] [34;1m[rows:-][0m SELECT * FROM `likes` LIMIT 1

2025/11/21 17:07:19 [32m/Users/dujie/go/src/github.com/ydcloud-dy/leaf-api/internal/model/po/models.go:167
[0m[33m[1.048ms] [34;1m[rows:-][0m SELECT column_name, column_default, is_nullable = 'YES', data_type, character_maximum_length, column_type, column_key, extra, column_comment, numeric_precision, numeric_scale , datetime_precision FROM information_schema.columns WHERE table_schema = 'leaf_admin' AND table_name = 'likes' ORDER BY ORDINAL_POSITION

2025/11/21 17:07:19 [32m/Users/dujie/go/src/github.com/ydcloud-dy/leaf-api/internal/model/po/models.go:167
[0m[33m[0.118ms] [34;1m[rows:-][0m SELECT DATABASE()

2025/11/21 17:07:19 [32m/Users/dujie/go/src/github.com/ydcloud-dy/leaf-api/internal/model/po/models.go:167
[0m[33m[1.041ms] [34;1m[rows:1][0m SELECT SCHEMA_NAME from Information_schema.SCHEMATA where SCHEMA_NAME LIKE 'leaf_admin%' ORDER BY SCHEMA_NAME='leaf_admin' DESC,SCHEMA_NAME limit 1

2025/11/21 17:07:19 [32m/Users/dujie/go/src/github.com/ydcloud-dy/leaf-api/internal/model/po/models.go:167
[0m[33m[0.778ms] [34;1m[rows:-][0m SELECT count(*) FROM INFORMATION_SCHEMA.table_constraints WHERE constraint_schema = 'leaf_admin' AND table_name = 'likes' AND constraint_name = 'fk_likes_user'

2025/11/21 17:07:19 [32m/Users/dujie/go/src/github.com/ydcloud-dy/leaf-api/internal/model/po/models.go:167
[0m[33m[0.105ms] [34;1m[rows:-][0m SELECT DATABASE()

2025/11/21 17:07:19 [32m/Users/dujie/go/src/github.com/ydcloud-dy/leaf-api/internal/model/po/models.go:167
[0m[33m[0.569ms] [34;1m[rows:1][0m SELECT SCHEMA_NAME from Information_schema.SCHEMATA where SCHEMA_NAME LIKE 'leaf_admin%' ORDER BY SCHEMA_NAME='leaf_admin' DESC,SCHEMA_NAME limit 1

2025/11/21 17:07:19 [32m/Users/dujie/go/src/github.com/ydcloud-dy/leaf-api/internal/model/po/models.go:167
[0m[33m[0.834ms] [34;1m[rows:-][0m SELECT count(*) FROM INFORMATION_SCHEMA.table_constraints WHERE constraint_schema = 'leaf_admin' AND table_name = 'likes' AND constraint_name = 'fk_likes_article'

2025/11/21 17:07:19 [32m/Users/dujie/go/src/github.com/ydcloud-dy/leaf-api/internal/model/po/models.go:167
[0m[33m[0.246ms] [34;1m[rows:-][0m SELECT DATABASE()

2025/11/21 17:07:19 [32m/Users/dujie/go/src/github.com/ydcloud-dy/leaf-api/internal/model/po/models.go:167
[0m[33m[0.930ms] [34;1m[rows:1][0m SELECT SCHEMA_NAME from Information_schema.SCHEMATA where SCHEMA_NAME LIKE 'leaf_admin%' ORDER BY SCHEMA_NAME='leaf_admin' DESC,SCHEMA_NAME limit 1

2025/11/21 17:07:19 [32m/Users/dujie/go/src/github.com/ydcloud-dy/leaf-api/internal/model/po/models.go:167
[0m[33m[0.936ms] [34;1m[rows:-][0m SELECT count(*) FROM information_schema.statistics WHERE table_schema = 'leaf_admin' AND table_name = 'likes' AND index_name = 'idx_likes_article_id'

2025/11/21 17:07:19 [32m/Users/dujie/go/src/github.com/ydcloud-dy/leaf-api/internal/model/po/models.go:167
[0m[33m[0.194ms] [34;1m[rows:-][0m SELECT DATABASE()

2025/11/21 17:07:19 [32m/Users/dujie/go/src/github.com/ydcloud-dy/leaf-api/internal/model/po/models.go:167
[0m[33m[0.609ms] [34;1m[rows:1][0m SELECT SCHEMA_NAME from Information_schema.SCHEMATA where SCHEMA_NAME LIKE 'leaf_admin%' ORDER BY SCHEMA_NAME='leaf_admin' DESC,SCHEMA_NAME limit 1

2025/11/21 17:07:19 [32m/Users/dujie/go/src/github.com/ydcloud-dy/leaf-api/internal/model/po/models.go:167
[0m[33m[0.807ms] [34;1m[rows:-][0m SELECT count(*) FROM information_schema.statistics WHERE table_schema = 'leaf_admin' AND table_name = 'likes' AND index_name = 'idx_likes_user_id'

2025/11/21 17:07:19 [32m/Users/dujie/go/src/github.com/ydcloud-dy/leaf-api/internal/model/po/models.go:167
[0m[33m[0.113ms] [34;1m[rows:-][0m SELECT DATABASE()

2025/11/21 17:07:19 [32m/Users/dujie/go/src/github.com/ydcloud-dy/leaf-api/internal/model/po/models.go:167
[0m[33m[0.595ms] [34;1m[rows:1][0m SELECT SCHEMA_NAME from Information_schema.SCHEMATA where SCHEMA_NAME LIKE 'leaf_admin%' ORDER BY SCHEMA_NAME='leaf_admin' DESC,SCHEMA_NAME limit 1

2025/11/21 17:07:19 [32m/Users/dujie/go/src/github.com/ydcloud-dy/leaf-api/internal/model/po/models.go:167
[0m[33m[1.003ms] [34;1m[rows:-][0m SELECT count(*) FROM information_schema.tables WHERE table_schema = 'leaf_admin' AND table_name = 'favorites' AND table_type = 'BASE TABLE'

2025/11/21 17:07:19 [32m/Users/dujie/go/src/github.com/ydcloud-dy/leaf-api/internal/model/po/models.go:167
[0m[33m[0.120ms] [34;1m[rows:-][0m SELECT DATABASE()

2025/11/21 17:07:19 [32m/Users/dujie/go/src/github.com/ydcloud-dy/leaf-api/internal/model/po/models.go:167
[0m[33m[0.533ms] [34;1m[rows:1][0m SELECT SCHEMA_NAME from Information_schema.SCHEMATA where SCHEMA_NAME LIKE 'leaf_admin%' ORDER BY SCHEMA_NAME='leaf_admin' DESC,SCHEMA_NAME limit 1

2025/11/21 17:07:19 [32m/Users/dujie/go/src/github.com/ydcloud-dy/leaf-api/internal/model/po/models.go:167
[0m[33m[0.445ms] [34;1m[rows:-][0m SELECT * FROM `favorites` LIMIT 1

2025/11/21 17:07:19 [32m/Users/dujie/go/src/github.com/ydcloud-dy/leaf-api/internal/model/po/models.go:167
[0m[33m[1.140ms] [34;1m[rows:-][0m SELECT column_name, column_default, is_nullable = 'YES', data_type, character_maximum_length, column_type, column_key, extra, column_comment, numeric_precision, numeric_scale , datetime_precision FROM information_schema.columns WHERE table_schema = 'leaf_admin' AND table_name = 'favorites' ORDER BY ORDINAL_POSITION

2025/11/21 17:07:19 [32m/Users/dujie/go/src/github.com/ydcloud-dy/leaf-api/internal/model/po/models.go:167
[0m[33m[0.115ms] [34;1m[rows:-][0m SELECT DATABASE()

2025/11/21 17:07:19 [32m/Users/dujie/go/src/github.com/ydcloud-dy/leaf-api/internal/model/po/models.go:167
[0m[33m[0.511ms] [34;1m[rows:1][0m SELECT SCHEMA_NAME from Information_schema.SCHEMATA where SCHEMA_NAME LIKE 'leaf_admin%' ORDER BY SCHEMA_NAME='leaf_admin' DESC,SCHEMA_NAME limit 1

2025/11/21 17:07:19 [32m/Users/dujie/go/src/github.com/ydcloud-dy/leaf-api/internal/model/po/models.go:167
[0m[33m[0.727ms] [34;1m[rows:-][0m SELECT count(*) FROM INFORMATION_SCHEMA.table_constraints WHERE constraint_schema = 'leaf_admin' AND table_name = 'favorites' AND constraint_name = 'fk_favorites_user'

2025/11/21 17:07:19 [32m/Users/dujie/go/src/github.com/ydcloud-dy/leaf-api/internal/model/po/models.go:167
[0m[33m[0.100ms] [34;1m[rows:-][0m SELECT DATABASE()

2025/11/21 17:07:19 [32m/Users/dujie/go/src/github.com/ydcloud-dy/leaf-api/internal/model/po/models.go:167
[0m[33m[0.529ms] [34;1m[rows:1][0m SELECT SCHEMA_NAME from Information_schema.SCHEMATA where SCHEMA_NAME LIKE 'leaf_admin%' ORDER BY SCHEMA_NAME='leaf_admin' DESC,SCHEMA_NAME limit 1

2025/11/21 17:07:19 [32m/Users/dujie/go/src/github.com/ydcloud-dy/leaf-api/internal/model/po/models.go:167
[0m[33m[0.733ms] [34;1m[rows:-][0m SELECT count(*) FROM INFORMATION_SCHEMA.table_constraints WHERE constraint_schema = 'leaf_admin' AND table_name = 'favorites' AND constraint_name = 'fk_favorites_article'

2025/11/21 17:07:19 [32m/Users/dujie/go/src/github.com/ydcloud-dy/leaf-api/internal/model/po/models.go:167
[0m[33m[0.119ms] [34;1m[rows:-][0m SELECT DATABASE()

2025/11/21 17:07:19 [32m/Users/dujie/go/src/github.com/ydcloud-dy/leaf-api/internal/model/po/models.go:167
[0m[33m[0.580ms] [34;1m[rows:1][0m SELECT SCHEMA_NAME from Information_schema.SCHEMATA where SCHEMA_NAME LIKE 'leaf_admin%' ORDER BY SCHEMA_NAME='leaf_admin' DESC,SCHEMA_NAME limit 1

2025/11/21 17:07:19 [32m/Users/dujie/go/src/github.com/ydcloud-dy/leaf-api/internal/model/po/models.go:167
[0m[33m[1.046ms] [34;1m[rows:-][0m SELECT count(*) FROM information_schema.statistics WHERE table_schema = 'leaf_admin' AND table_name = 'favorites' AND index_name = 'idx_favorites_article_id'

2025/11/21 17:07:19 [32m/Users/dujie/go/src/github.com/ydcloud-dy/leaf-api/internal/model/po/models.go:167
[0m[33m[0.147ms] [34;1m[rows:-][0m SELECT DATABASE()

2025/11/21 17:07:19 [32m/Users/dujie/go/src/github.com/ydcloud-dy/leaf-api/internal/model/po/models.go:167
[0m[33m[0.623ms] [34;1m[rows:1][0m SELECT SCHEMA_NAME from Information_schema.SCHEMATA where SCHEMA_NAME LIKE 'leaf_admin%' ORDER BY SCHEMA_NAME='leaf_admin' DESC,SCHEMA_NAME limit 1

2025/11/21 17:07:19 [32m/Users/dujie/go/src/github.com/ydcloud-dy/leaf-api/internal/model/po/models.go:167
[0m[33m[0.915ms] [34;1m[rows:-][0m SELECT count(*) FROM information_schema.statistics WHERE table_schema = 'leaf_admin' AND table_name = 'favorites' AND index_name = 'idx_favorites_user_id'

2025/11/21 17:07:19 [32m/Users/dujie/go/src/github.com/ydcloud-dy/leaf-api/internal/model/po/models.go:167
[0m[33m[0.158ms] [34;1m[rows:-][0m SELECT DATABASE()

2025/11/21 17:07:19 [32m/Users/dujie/go/src/github.com/ydcloud-dy/leaf-api/internal/model/po/models.go:167
[0m[33m[0.682ms] [34;1m[rows:1][0m SELECT SCHEMA_NAME from Information_schema.SCHEMATA where SCHEMA_NAME LIKE 'leaf_admin%' ORDER BY SCHEMA_NAME='leaf_admin' DESC,SCHEMA_NAME limit 1

2025/11/21 17:07:19 [32m/Users/dujie/go/src/github.com/ydcloud-dy/leaf-api/internal/model/po/models.go:167
[0m[33m[1.279ms] [34;1m[rows:-][0m SELECT count(*) FROM information_schema.tables WHERE table_schema = 'leaf_admin' AND table_name = 'comment_likes' AND table_type = 'BASE TABLE'

2025/11/21 17:07:19 [32m/Users/dujie/go/src/github.com/ydcloud-dy/leaf-api/internal/model/po/models.go:167
[0m[33m[0.113ms] [34;1m[rows:-][0m SELECT DATABASE()

2025/11/21 17:07:19 [32m/Users/dujie/go/src/github.com/ydcloud-dy/leaf-api/internal/model/po/models.go:167
[0m[33m[1.255ms] [34;1m[rows:1][0m SELECT SCHEMA_NAME from Information_schema.SCHEMATA where SCHEMA_NAME LIKE 'leaf_admin%' ORDER BY SCHEMA_NAME='leaf_admin' DESC,SCHEMA_NAME limit 1

2025/11/21 17:07:19 [32m/Users/dujie/go/src/github.com/ydcloud-dy/leaf-api/internal/model/po/models.go:167
[0m[33m[0.976ms] [34;1m[rows:-][0m SELECT * FROM `comment_likes` LIMIT 1

2025/11/21 17:07:19 [32m/Users/dujie/go/src/github.com/ydcloud-dy/leaf-api/internal/model/po/models.go:167
[0m[33m[1.252ms] [34;1m[rows:-][0m SELECT column_name, column_default, is_nullable = 'YES', data_type, character_maximum_length, column_type, column_key, extra, column_comment, numeric_precision, numeric_scale , datetime_precision FROM information_schema.columns WHERE table_schema = 'leaf_admin' AND table_name = 'comment_likes' ORDER BY ORDINAL_POSITION

2025/11/21 17:07:19 [32m/Users/dujie/go/src/github.com/ydcloud-dy/leaf-api/internal/model/po/models.go:167
[0m[33m[0.099ms] [34;1m[rows:-][0m SELECT DATABASE()

2025/11/21 17:07:19 [32m/Users/dujie/go/src/github.com/ydcloud-dy/leaf-api/internal/model/po/models.go:167
[0m[33m[0.559ms] [34;1m[rows:1][0m SELECT SCHEMA_NAME from Information_schema.SCHEMATA where SCHEMA_NAME LIKE 'leaf_admin%' ORDER BY SCHEMA_NAME='leaf_admin' DESC,SCHEMA_NAME limit 1

2025/11/21 17:07:19 [32m/Users/dujie/go/src/github.com/ydcloud-dy/leaf-api/internal/model/po/models.go:167
[0m[33m[0.965ms] [34;1m[rows:-][0m SELECT count(*) FROM INFORMATION_SCHEMA.table_constraints WHERE constraint_schema = 'leaf_admin' AND table_name = 'comment_likes' AND constraint_name = 'fk_comment_likes_user'

2025/11/21 17:07:19 [32m/Users/dujie/go/src/github.com/ydcloud-dy/leaf-api/internal/model/po/models.go:167
[0m[33m[0.117ms] [34;1m[rows:-][0m SELECT DATABASE()

2025/11/21 17:07:19 [32m/Users/dujie/go/src/github.com/ydcloud-dy/leaf-api/internal/model/po/models.go:167
[0m[33m[0.602ms] [34;1m[rows:1][0m SELECT SCHEMA_NAME from Information_schema.SCHEMATA where SCHEMA_NAME LIKE 'leaf_admin%' ORDER BY SCHEMA_NAME='leaf_admin' DESC,SCHEMA_NAME limit 1

2025/11/21 17:07:19 [32m/Users/dujie/go/src/github.com/ydcloud-dy/leaf-api/internal/model/po/models.go:167
[0m[33m[0.798ms] [34;1m[rows:-][0m SELECT count(*) FROM INFORMATION_SCHEMA.table_constraints WHERE constraint_schema = 'leaf_admin' AND table_name = 'comment_likes' AND constraint_name = 'fk_comment_likes_comment'

2025/11/21 17:07:19 [32m/Users/dujie/go/src/github.com/ydcloud-dy/leaf-api/internal/model/po/models.go:167
[0m[33m[0.125ms] [34;1m[rows:-][0m SELECT DATABASE()

2025/11/21 17:07:19 [32m/Users/dujie/go/src/github.com/ydcloud-dy/leaf-api/internal/model/po/models.go:167
[0m[33m[0.633ms] [34;1m[rows:1][0m SELECT SCHEMA_NAME from Information_schema.SCHEMATA where SCHEMA_NAME LIKE 'leaf_admin%' ORDER BY SCHEMA_NAME='leaf_admin' DESC,SCHEMA_NAME limit 1

2025/11/21 17:07:19 [32m/Users/dujie/go/src/github.com/ydcloud-dy/leaf-api/internal/model/po/models.go:167
[0m[33m[0.956ms] [34;1m[rows:-][0m SELECT count(*) FROM information_schema.statistics WHERE table_schema = 'leaf_admin' AND table_name = 'comment_likes' AND index_name = 'idx_comment_likes_comment_id'

2025/11/21 17:07:19 [32m/Users/dujie/go/src/github.com/ydcloud-dy/leaf-api/internal/model/po/models.go:167
[0m[33m[0.148ms] [34;1m[rows:-][0m SELECT DATABASE()

2025/11/21 17:07:19 [32m/Users/dujie/go/src/github.com/ydcloud-dy/leaf-api/internal/model/po/models.go:167
[0m[33m[0.712ms] [34;1m[rows:1][0m SELECT SCHEMA_NAME from Information_schema.SCHEMATA where SCHEMA_NAME LIKE 'leaf_admin%' ORDER BY SCHEMA_NAME='leaf_admin' DESC,SCHEMA_NAME limit 1

2025/11/21 17:07:19 [32m/Users/dujie/go/src/github.com/ydcloud-dy/leaf-api/internal/model/po/models.go:167
[0m[33m[0.893ms] [34;1m[rows:-][0m SELECT count(*) FROM information_schema.statistics WHERE table_schema = 'leaf_admin' AND table_name = 'comment_likes' AND index_name = 'idx_comment_likes_user_id'

2025/11/21 17:07:19 [32m/Users/dujie/go/src/github.com/ydcloud-dy/leaf-api/internal/model/po/models.go:167
[0m[33m[0.176ms] [34;1m[rows:-][0m SELECT DATABASE()

2025/11/21 17:07:19 [32m/Users/dujie/go/src/github.com/ydcloud-dy/leaf-api/internal/model/po/models.go:167
[0m[33m[0.641ms] [34;1m[rows:1][0m SELECT SCHEMA_NAME from Information_schema.SCHEMATA where SCHEMA_NAME LIKE 'leaf_admin%' ORDER BY SCHEMA_NAME='leaf_admin' DESC,SCHEMA_NAME limit 1

2025/11/21 17:07:19 [32m/Users/dujie/go/src/github.com/ydcloud-dy/leaf-api/internal/model/po/models.go:167
[0m[33m[1.008ms] [34;1m[rows:-][0m SELECT count(*) FROM information_schema.tables WHERE table_schema = 'leaf_admin' AND table_name = 'views' AND table_type = 'BASE TABLE'

2025/11/21 17:07:19 [32m/Users/dujie/go/src/github.com/ydcloud-dy/leaf-api/internal/model/po/models.go:167
[0m[33m[0.207ms] [34;1m[rows:-][0m SELECT DATABASE()

2025/11/21 17:07:19 [32m/Users/dujie/go/src/github.com/ydcloud-dy/leaf-api/internal/model/po/models.go:167
[0m[33m[0.686ms] [34;1m[rows:1][0m SELECT SCHEMA_NAME from Information_schema.SCHEMATA where SCHEMA_NAME LIKE 'leaf_admin%' ORDER BY SCHEMA_NAME='leaf_admin' DESC,SCHEMA_NAME limit 1

2025/11/21 17:07:19 [32m/Users/dujie/go/src/github.com/ydcloud-dy/leaf-api/internal/model/po/models.go:167
[0m[33m[0.515ms] [34;1m[rows:-][0m SELECT * FROM `views` LIMIT 1

2025/11/21 17:07:19 [32m/Users/dujie/go/src/github.com/ydcloud-dy/leaf-api/internal/model/po/models.go:167
[0m[33m[1.705ms] [34;1m[rows:-][0m SELECT column_name, column_default, is_nullable = 'YES', data_type, character_maximum_length, column_type, column_key, extra, column_comment, numeric_precision, numeric_scale , datetime_precision FROM information_schema.columns WHERE table_schema = 'leaf_admin' AND table_name = 'views' ORDER BY ORDINAL_POSITION

2025/11/21 17:07:19 [32m/Users/dujie/go/src/github.com/ydcloud-dy/leaf-api/internal/model/po/models.go:167
[0m[33m[0.285ms] [34;1m[rows:-][0m SELECT DATABASE()

2025/11/21 17:07:19 [32m/Users/dujie/go/src/github.com/ydcloud-dy/leaf-api/internal/model/po/models.go:167
[0m[33m[0.827ms] [34;1m[rows:1][0m SELECT SCHEMA_NAME from Information_schema.SCHEMATA where SCHEMA_NAME LIKE 'leaf_admin%' ORDER BY SCHEMA_NAME='leaf_admin' DESC,SCHEMA_NAME limit 1

2025/11/21 17:07:19 [32m/Users/dujie/go/src/github.com/ydcloud-dy/leaf-api/internal/model/po/models.go:167
[0m[33m[0.877ms] [34;1m[rows:-][0m SELECT count(*) FROM information_schema.statistics WHERE table_schema = 'leaf_admin' AND table_name = 'views' AND index_name = 'idx_views_article_id'

2025/11/21 17:07:19 [32m/Users/dujie/go/src/github.com/ydcloud-dy/leaf-api/internal/model/po/models.go:167
[0m[33m[0.113ms] [34;1m[rows:-][0m SELECT DATABASE()

2025/11/21 17:07:19 [32m/Users/dujie/go/src/github.com/ydcloud-dy/leaf-api/internal/model/po/models.go:167
[0m[33m[0.493ms] [34;1m[rows:1][0m SELECT SCHEMA_NAME from Information_schema.SCHEMATA where SCHEMA_NAME LIKE 'leaf_admin%' ORDER BY SCHEMA_NAME='leaf_admin' DESC,SCHEMA_NAME limit 1

2025/11/21 17:07:19 [32m/Users/dujie/go/src/github.com/ydcloud-dy/leaf-api/internal/model/po/models.go:167
[0m[33m[0.836ms] [34;1m[rows:-][0m SELECT count(*) FROM information_schema.statistics WHERE table_schema = 'leaf_admin' AND table_name = 'views' AND index_name = 'idx_views_user_id'

2025/11/21 17:07:19 [32m/Users/dujie/go/src/github.com/ydcloud-dy/leaf-api/internal/model/po/models.go:167
[0m[33m[0.167ms] [34;1m[rows:-][0m SELECT DATABASE()

2025/11/21 17:07:19 [32m/Users/dujie/go/src/github.com/ydcloud-dy/leaf-api/internal/model/po/models.go:167
[0m[33m[0.685ms] [34;1m[rows:1][0m SELECT SCHEMA_NAME from Information_schema.SCHEMATA where SCHEMA_NAME LIKE 'leaf_admin%' ORDER BY SCHEMA_NAME='leaf_admin' DESC,SCHEMA_NAME limit 1

2025/11/21 17:07:19 [32m/Users/dujie/go/src/github.com/ydcloud-dy/leaf-api/internal/model/po/models.go:167
[0m[33m[0.970ms] [34;1m[rows:-][0m SELECT count(*) FROM information_schema.tables WHERE table_schema = 'leaf_admin' AND table_name = 'files' AND table_type = 'BASE TABLE'

2025/11/21 17:07:19 [32m/Users/dujie/go/src/github.com/ydcloud-dy/leaf-api/internal/model/po/models.go:167
[0m[33m[0.161ms] [34;1m[rows:-][0m SELECT DATABASE()

2025/11/21 17:07:19 [32m/Users/dujie/go/src/github.com/ydcloud-dy/leaf-api/internal/model/po/models.go:167
[0m[33m[0.671ms] [34;1m[rows:1][0m SELECT SCHEMA_NAME from Information_schema.SCHEMATA where SCHEMA_NAME LIKE 'leaf_admin%' ORDER BY SCHEMA_NAME='leaf_admin' DESC,SCHEMA_NAME limit 1

2025/11/21 17:07:19 [32m/Users/dujie/go/src/github.com/ydcloud-dy/leaf-api/internal/model/po/models.go:167
[0m[33m[0.346ms] [34;1m[rows:-][0m SELECT * FROM `files` LIMIT 1

2025/11/21 17:07:19 [32m/Users/dujie/go/src/github.com/ydcloud-dy/leaf-api/internal/model/po/models.go:167
[0m[33m[1.151ms] [34;1m[rows:-][0m SELECT column_name, column_default, is_nullable = 'YES', data_type, character_maximum_length, column_type, column_key, extra, column_comment, numeric_precision, numeric_scale , datetime_precision FROM information_schema.columns WHERE table_schema = 'leaf_admin' AND table_name = 'files' ORDER BY ORDINAL_POSITION

2025/11/21 17:07:19 [32m/Users/dujie/go/src/github.com/ydcloud-dy/leaf-api/internal/model/po/models.go:167
[0m[33m[0.185ms] [34;1m[rows:-][0m SELECT DATABASE()

2025/11/21 17:07:19 [32m/Users/dujie/go/src/github.com/ydcloud-dy/leaf-api/internal/model/po/models.go:167
[0m[33m[0.878ms] [34;1m[rows:1][0m SELECT SCHEMA_NAME from Information_schema.SCHEMATA where SCHEMA_NAME LIKE 'leaf_admin%' ORDER BY SCHEMA_NAME='leaf_admin' DESC,SCHEMA_NAME limit 1

2025/11/21 17:07:19 [32m/Users/dujie/go/src/github.com/ydcloud-dy/leaf-api/internal/model/po/models.go:167
[0m[33m[0.981ms] [34;1m[rows:-][0m SELECT count(*) FROM information_schema.statistics WHERE table_schema = 'leaf_admin' AND table_name = 'files' AND index_name = 'idx_files_deleted_at'

2025/11/21 17:07:19 [32m/Users/dujie/go/src/github.com/ydcloud-dy/leaf-api/internal/model/po/models.go:167
[0m[33m[0.133ms] [34;1m[rows:-][0m SELECT DATABASE()

2025/11/21 17:07:19 [32m/Users/dujie/go/src/github.com/ydcloud-dy/leaf-api/internal/model/po/models.go:167
[0m[33m[0.690ms] [34;1m[rows:1][0m SELECT SCHEMA_NAME from Information_schema.SCHEMATA where SCHEMA_NAME LIKE 'leaf_admin%' ORDER BY SCHEMA_NAME='leaf_admin' DESC,SCHEMA_NAME limit 1

2025/11/21 17:07:19 [32m/Users/dujie/go/src/github.com/ydcloud-dy/leaf-api/internal/model/po/models.go:167
[0m[33m[0.919ms] [34;1m[rows:-][0m SELECT count(*) FROM information_schema.tables WHERE table_schema = 'leaf_admin' AND table_name = 'settings' AND table_type = 'BASE TABLE'

2025/11/21 17:07:19 [32m/Users/dujie/go/src/github.com/ydcloud-dy/leaf-api/internal/model/po/models.go:167
[0m[33m[0.289ms] [34;1m[rows:-][0m SELECT DATABASE()

2025/11/21 17:07:19 [32m/Users/dujie/go/src/github.com/ydcloud-dy/leaf-api/internal/model/po/models.go:167
[0m[33m[0.874ms] [34;1m[rows:1][0m SELECT SCHEMA_NAME from Information_schema.SCHEMATA where SCHEMA_NAME LIKE 'leaf_admin%' ORDER BY SCHEMA_NAME='leaf_admin' DESC,SCHEMA_NAME limit 1

2025/11/21 17:07:19 [32m/Users/dujie/go/src/github.com/ydcloud-dy/leaf-api/internal/model/po/models.go:167
[0m[33m[0.392ms] [34;1m[rows:-][0m SELECT * FROM `settings` LIMIT 1

2025/11/21 17:07:19 [32m/Users/dujie/go/src/github.com/ydcloud-dy/leaf-api/internal/model/po/models.go:167
[0m[33m[1.097ms] [34;1m[rows:-][0m SELECT column_name, column_default, is_nullable = 'YES', data_type, character_maximum_length, column_type, column_key, extra, column_comment, numeric_precision, numeric_scale , datetime_precision FROM information_schema.columns WHERE table_schema = 'leaf_admin' AND table_name = 'settings' ORDER BY ORDINAL_POSITION

2025/11/21 17:07:19 [32m/Users/dujie/go/src/github.com/ydcloud-dy/leaf-api/internal/model/po/models.go:167
[0m[33m[0.153ms] [34;1m[rows:-][0m SELECT DATABASE()

2025/11/21 17:07:19 [32m/Users/dujie/go/src/github.com/ydcloud-dy/leaf-api/internal/model/po/models.go:167
[0m[33m[0.795ms] [34;1m[rows:1][0m SELECT SCHEMA_NAME from Information_schema.SCHEMATA where SCHEMA_NAME LIKE 'leaf_admin%' ORDER BY SCHEMA_NAME='leaf_admin' DESC,SCHEMA_NAME limit 1

2025/11/21 17:07:19 [32m/Users/dujie/go/src/github.com/ydcloud-dy/leaf-api/internal/model/po/models.go:167
[0m[33m[1.063ms] [34;1m[rows:-][0m SELECT count(*) FROM information_schema.statistics WHERE table_schema = 'leaf_admin' AND table_name = 'settings' AND index_name = 'idx_settings_key'

2025/11/21 17:07:19 [32m/Users/dujie/go/src/github.com/ydcloud-dy/leaf-api/cmd/app.go:98
[0m[33m[0.406ms] [34;1m[rows:1][0m SELECT count(*) FROM `admins` WHERE `admins`.`deleted_at` IS NULL
[GIN-debug] [WARNING] Running in "debug" mode. Switch to "release" mode in production.
 - using env:	export GIN_MODE=release
 - using code:	gin.SetMode(gin.ReleaseMode)

[GIN-debug] GET    /uploads/*filepath        --> github.com/gin-gonic/gin.(*RouterGroup).createStaticHandler.func1 (4 handlers)
[GIN-debug] HEAD   /uploads/*filepath        --> github.com/gin-gonic/gin.(*RouterGroup).createStaticHandler.func1 (4 handlers)
[GIN-debug] POST   /auth/login               --> github.com/ydcloud-dy/leaf-api/internal/service.(*AuthService).Login-fm (4 handlers)
[GIN-debug] POST   /auth/logout              --> github.com/ydcloud-dy/leaf-api/internal/service.(*AuthService).Logout-fm (4 handlers)
[GIN-debug] GET    /auth/profile             --> github.com/ydcloud-dy/leaf-api/internal/service.(*AuthService).GetProfile-fm (5 handlers)
[GIN-debug] POST   /blog/auth/register       --> github.com/ydcloud-dy/leaf-api/internal/service.(*BlogService).Register-fm (4 handlers)
[GIN-debug] POST   /blog/auth/login          --> github.com/ydcloud-dy/leaf-api/internal/service.(*BlogService).Login-fm (4 handlers)
[GIN-debug] GET    /blog/auth/me             --> github.com/ydcloud-dy/leaf-api/internal/service.(*BlogService).GetUserInfo-fm (5 handlers)
[GIN-debug] GET    /blog/articles            --> github.com/ydcloud-dy/leaf-api/internal/service.(*ArticleService).List-fm (4 handlers)
[GIN-debug] GET    /blog/articles/search     --> github.com/ydcloud-dy/leaf-api/internal/service.(*ArticleService).Search-fm (4 handlers)
[GIN-debug] GET    /blog/articles/archive    --> github.com/ydcloud-dy/leaf-api/internal/service.(*ArticleService).Archive-fm (4 handlers)
[GIN-debug] GET    /blog/categories          --> github.com/ydcloud-dy/leaf-api/internal/service.(*CategoryService).List-fm (4 handlers)
[GIN-debug] GET    /blog/tags                --> github.com/ydcloud-dy/leaf-api/internal/service.(*TagService).List-fm (4 handlers)
[GIN-debug] GET    /blog/articles/:id        --> github.com/ydcloud-dy/leaf-api/internal/service.(*BlogService).GetArticleDetail-fm (5 handlers)
[GIN-debug] GET    /blog/articles/:id/comments --> github.com/ydcloud-dy/leaf-api/internal/service.(*BlogService).GetArticleComments-fm (5 handlers)
[GIN-debug] GET    /blog/guestbook           --> github.com/ydcloud-dy/leaf-api/internal/service.(*BlogService).GetGuestbookMessages-fm (5 handlers)
[GIN-debug] POST   /blog/articles/:id/like   --> github.com/ydcloud-dy/leaf-api/internal/service.(*BlogService).LikeArticle-fm (5 handlers)
[GIN-debug] DELETE /blog/articles/:id/like   --> github.com/ydcloud-dy/leaf-api/internal/service.(*BlogService).UnlikeArticle-fm (5 handlers)
[GIN-debug] POST   /blog/articles/:id/favorite --> github.com/ydcloud-dy/leaf-api/internal/service.(*BlogService).FavoriteArticle-fm (5 handlers)
[GIN-debug] DELETE /blog/articles/:id/favorite --> github.com/ydcloud-dy/leaf-api/internal/service.(*BlogService).UnfavoriteArticle-fm (5 handlers)
[GIN-debug] GET    /blog/user/likes          --> github.com/ydcloud-dy/leaf-api/internal/service.(*BlogService).GetUserLikes-fm (5 handlers)
[GIN-debug] GET    /blog/user/favorites      --> github.com/ydcloud-dy/leaf-api/internal/service.(*BlogService).GetUserFavorites-fm (5 handlers)
[GIN-debug] GET    /blog/user/stats          --> github.com/ydcloud-dy/leaf-api/internal/service.(*BlogService).GetUserStats-fm (5 handlers)
[GIN-debug] POST   /blog/comments            --> github.com/ydcloud-dy/leaf-api/internal/service.(*BlogService).CreateComment-fm (5 handlers)
[GIN-debug] POST   /blog/comments/:id/like   --> github.com/ydcloud-dy/leaf-api/internal/service.(*BlogService).LikeComment-fm (5 handlers)
[GIN-debug] DELETE /blog/comments/:id/like   --> github.com/ydcloud-dy/leaf-api/internal/service.(*BlogService).UnlikeComment-fm (5 handlers)
[GIN-debug] DELETE /blog/comments/:id        --> github.com/ydcloud-dy/leaf-api/internal/service.(*BlogService).DeleteComment-fm (5 handlers)
[GIN-debug] POST   /blog/guestbook           --> github.com/ydcloud-dy/leaf-api/internal/service.(*BlogService).CreateGuestbookMessage-fm (5 handlers)
[GIN-debug] GET    /users                    --> github.com/ydcloud-dy/leaf-api/internal/service.(*UserService).List-fm (5 handlers)
[GIN-debug] GET    /users/:id                --> github.com/ydcloud-dy/leaf-api/internal/service.(*UserService).GetByID-fm (5 handlers)
[GIN-debug] POST   /users                    --> github.com/ydcloud-dy/leaf-api/internal/service.(*UserService).Create-fm (5 handlers)
[GIN-debug] PUT    /users/:id                --> github.com/ydcloud-dy/leaf-api/internal/service.(*UserService).Update-fm (5 handlers)
[GIN-debug] DELETE /users/:id                --> github.com/ydcloud-dy/leaf-api/internal/service.(*UserService).Delete-fm (5 handlers)
[GIN-debug] GET    /articles                 --> github.com/ydcloud-dy/leaf-api/internal/service.(*ArticleService).List-fm (5 handlers)
[GIN-debug] GET    /articles/:id             --> github.com/ydcloud-dy/leaf-api/internal/service.(*ArticleService).GetByID-fm (5 handlers)
[GIN-debug] POST   /articles                 --> github.com/ydcloud-dy/leaf-api/internal/service.(*ArticleService).Create-fm (5 handlers)
[GIN-debug] PUT    /articles/:id             --> github.com/ydcloud-dy/leaf-api/internal/service.(*ArticleService).Update-fm (5 handlers)
[GIN-debug] PATCH  /articles/:id/status      --> github.com/ydcloud-dy/leaf-api/internal/service.(*ArticleService).UpdateStatus-fm (5 handlers)
[GIN-debug] DELETE /articles/:id             --> github.com/ydcloud-dy/leaf-api/internal/service.(*ArticleService).Delete-fm (5 handlers)
[GIN-debug] GET    /comments                 --> github.com/ydcloud-dy/leaf-api/internal/service.(*CommentService).List-fm (5 handlers)
[GIN-debug] DELETE /comments/:id             --> github.com/ydcloud-dy/leaf-api/internal/service.(*CommentService).Delete-fm (5 handlers)
[GIN-debug] PATCH  /comments/:id/status      --> github.com/ydcloud-dy/leaf-api/internal/service.(*CommentService).UpdateStatus-fm (5 handlers)
[GIN-debug] GET    /tags                     --> github.com/ydcloud-dy/leaf-api/internal/service.(*TagService).List-fm (5 handlers)
[GIN-debug] POST   /tags                     --> github.com/ydcloud-dy/leaf-api/internal/service.(*TagService).Create-fm (5 handlers)
[GIN-debug] DELETE /tags/:id                 --> github.com/ydcloud-dy/leaf-api/internal/service.(*TagService).Delete-fm (5 handlers)
[GIN-debug] GET    /categories               --> github.com/ydcloud-dy/leaf-api/internal/service.(*CategoryService).List-fm (5 handlers)
[GIN-debug] POST   /categories               --> github.com/ydcloud-dy/leaf-api/internal/service.(*CategoryService).Create-fm (5 handlers)
[GIN-debug] DELETE /categories/:id           --> github.com/ydcloud-dy/leaf-api/internal/service.(*CategoryService).Delete-fm (5 handlers)
[GIN-debug] GET    /stats                    --> github.com/ydcloud-dy/leaf-api/internal/service.(*StatsService).GetStats-fm (5 handlers)
[GIN-debug] GET    /stats/hot-articles       --> github.com/ydcloud-dy/leaf-api/internal/service.(*StatsService).GetHotArticles-fm (5 handlers)
[GIN-debug] GET    /settings                 --> github.com/ydcloud-dy/leaf-api/internal/service.(*SettingsService).Get-fm (5 handlers)
[GIN-debug] PUT    /settings                 --> github.com/ydcloud-dy/leaf-api/internal/service.(*SettingsService).Update-fm (5 handlers)
[GIN-debug] POST   /files/upload             --> github.com/ydcloud-dy/leaf-api/internal/service.(*FileService).Upload-fm (5 handlers)
[GIN-debug] GET    /files                    --> github.com/ydcloud-dy/leaf-api/internal/service.(*FileService).List-fm (5 handlers)
[GIN-debug] DELETE /files/:id                --> github.com/ydcloud-dy/leaf-api/internal/service.(*FileService).Delete-fm (5 handlers)
time="2025-11-21 17:07:19" level=info msg="Server starting on :8888"
