
> blog-frontend@1.0.0 dev
> vite


  VITE v5.4.21  ready in 221 ms

  ➜  Local:   http://localhost:3000/
  ➜  Network: use --host to expose
5:01:23 PM [vite] http proxy error: /blog/articles?page=1&page_size=10&sort=created_at
Error: connect ECONNREFUSED ::1:8888
    at TCPConnectWrap.afterConnect [as oncomplete] (node:net:1555:16)
5:01:27 PM [vite] http proxy error: /blog/articles?page=1&page_size=10
Error: connect ECONNREFUSED ::1:8888
    at TCPConnectWrap.afterConnect [as oncomplete] (node:net:1555:16)
5:01:27 PM [vite] http proxy error: /blog/articles?page=1&page_size=5&sort=views
Error: connect ECONNREFUSED ::1:8888
    at TCPConnectWrap.afterConnect [as oncomplete] (node:net:1555:16)
5:09:10 PM [vite] hmr update /src/views/ArticleDetail.vue, /src/views/ArticleDetail.vue?vue&type=style&index=0&scoped=3a8b4db0&lang.css
5:13:04 PM [vite] hmr update /src/views/ArticleDetail.vue, /src/views/ArticleDetail.vue?vue&type=style&index=0&scoped=3a8b4db0&lang.css
5:13:04 PM [vite] ✨ new dependencies optimized: highlight.js/lib/core, highlight.js/lib/languages/javascript, highlight.js/lib/languages/python, highlight.js/lib/languages/go, highlight.js/lib/languages/java, highlight.js/lib/languages/cpp, highlight.js/lib/languages/bash, highlight.js/lib/languages/sql, highlight.js/lib/languages/json, highlight.js/lib/languages/xml, highlight.js/lib/languages/css, highlight.js/lib/languages/typescript
5:13:04 PM [vite] ✨ optimized dependencies changed. reloading
8:54:45 AM [vite] hmr update /src/views/ArticleDetail.vue
9:00:08 AM [vite] hmr update /src/views/ArticleDetail.vue?vue&type=style&index=0&scoped=3a8b4db0&lang.css
9:00:21 AM [vite] hmr update /src/views/ArticleDetail.vue?vue&type=style&index=0&scoped=3a8b4db0&lang.css
9:08:25 AM [vite] hmr update /src/views/ArticleDetail.vue?vue&type=style&index=0&scoped=3a8b4db0&lang.css
9:10:57 AM [vite] hmr update /src/views/ArticleDetail.vue?vue&type=style&index=0&scoped=3a8b4db0&lang.css
9:12:38 AM [vite] hmr update /src/views/ArticleDetail.vue?vue&type=style&index=0&scoped=3a8b4db0&lang.css
9:12:44 AM [vite] hmr update /src/views/ArticleDetail.vue?vue&type=style&index=0&scoped=3a8b4db0&lang.css
9:12:48 AM [vite] hmr update /src/views/ArticleDetail.vue?vue&type=style&index=0&scoped=3a8b4db0&lang.css
9:13:04 AM [vite] hmr update /src/views/ArticleDetail.vue?vue&type=style&index=0&scoped=3a8b4db0&lang.css
9:13:15 AM [vite] hmr update /src/views/ArticleDetail.vue?vue&type=style&index=0&scoped=3a8b4db0&lang.css
9:13:23 AM [vite] hmr update /src/views/ArticleDetail.vue?vue&type=style&index=0&scoped=3a8b4db0&lang.css
9:14:39 AM [vite] hmr update /src/views/ArticleDetail.vue?vue&type=style&index=0&scoped=3a8b4db0&lang.css
9:14:49 AM [vite] hmr update /src/views/ArticleDetail.vue?vue&type=style&index=0&scoped=3a8b4db0&lang.css
9:15:17 AM [vite] hmr update /src/views/ArticleDetail.vue?vue&type=style&index=0&scoped=3a8b4db0&lang.css
9:15:29 AM [vite] hmr update /src/views/ArticleDetail.vue?vue&type=style&index=0&scoped=3a8b4db0&lang.css
9:16:04 AM [vite] hmr update /src/views/ArticleDetail.vue?vue&type=style&index=0&scoped=3a8b4db0&lang.css
9:17:48 AM [vite] hmr update /src/views/ArticleDetail.vue?vue&type=style&index=0&scoped=3a8b4db0&lang.css
9:17:58 AM [vite] hmr update /src/views/ArticleDetail.vue?vue&type=style&index=0&scoped=3a8b4db0&lang.css
9:18:44 AM [vite] hmr update /src/views/ArticleDetail.vue?vue&type=style&index=0&scoped=3a8b4db0&lang.css
9:18:50 AM [vite] hmr update /src/views/ArticleDetail.vue?vue&type=style&index=0&scoped=3a8b4db0&lang.css
9:18:59 AM [vite] hmr update /src/views/ArticleDetail.vue?vue&type=style&index=0&scoped=3a8b4db0&lang.css
9:19:07 AM [vite] hmr update /src/views/ArticleDetail.vue?vue&type=style&index=0&scoped=3a8b4db0&lang.css
9:21:39 AM [vite] hmr update /src/views/ArticleDetail.vue
9:22:13 AM [vite] hmr update /src/views/ArticleDetail.vue?vue&type=style&index=0&scoped=3a8b4db0&lang.css
9:24:35 AM [vite] hmr update /src/views/ArticleDetail.vue?vue&type=style&index=0&scoped=3a8b4db0&lang.css
9:24:53 AM [vite] hmr update /src/views/ArticleDetail.vue?vue&type=style&index=0&scoped=3a8b4db0&lang.css
9:25:05 AM [vite] hmr update /src/views/ArticleDetail.vue?vue&type=style&index=0&scoped=3a8b4db0&lang.css
9:27:22 AM [vite] hmr update /src/views/ArticleDetail.vue?vue&type=style&index=0&scoped=3a8b4db0&lang.css
9:27:29 AM [vite] hmr update /src/views/ArticleDetail.vue?vue&type=style&index=0&scoped=3a8b4db0&lang.css
9:27:42 AM [vite] hmr update /src/views/ArticleDetail.vue?vue&type=style&index=0&scoped=3a8b4db0&lang.css
9:27:54 AM [vite] hmr update /src/views/ArticleDetail.vue?vue&type=style&index=0&scoped=3a8b4db0&lang.css
9:28:07 AM [vite] hmr update /src/views/ArticleDetail.vue
9:28:19 AM [vite] hmr update /src/views/ArticleDetail.vue?vue&type=style&index=0&scoped=3a8b4db0&lang.css
9:29:46 AM [vite] hmr update /src/views/ArticleDetail.vue
9:30:40 AM [vite] hmr update /src/views/ArticleDetail.vue?vue&type=style&index=0&scoped=3a8b4db0&lang.css
9:31:55 AM [vite] hmr update /src/views/ArticleDetail.vue
9:32:18 AM [vite] hmr update /src/views/ArticleDetail.vue?vue&type=style&index=0&scoped=3a8b4db0&lang.css
9:34:10 AM [vite] hmr update /src/views/ArticleDetail.vue
9:35:05 AM [vite] hmr update /src/views/ArticleDetail.vue
9:35:32 AM [vite] hmr update /src/views/ArticleDetail.vue?vue&type=style&index=0&scoped=3a8b4db0&lang.css
9:35:45 AM [vite] hmr update /src/views/ArticleDetail.vue?vue&type=style&index=0&scoped=3a8b4db0&lang.css
9:35:53 AM [vite] hmr update /src/views/ArticleDetail.vue?vue&type=style&index=0&scoped=3a8b4db0&lang.css
9:36:01 AM [vite] hmr update /src/views/ArticleDetail.vue?vue&type=style&index=0&scoped=3a8b4db0&lang.css
9:36:11 AM [vite] hmr update /src/views/ArticleDetail.vue?vue&type=style&index=0&scoped=3a8b4db0&lang.css
9:36:14 AM [vite] hmr update /src/views/ArticleDetail.vue?vue&type=style&index=0&scoped=3a8b4db0&lang.css
9:36:16 AM [vite] hmr update /src/views/ArticleDetail.vue?vue&type=style&index=0&scoped=3a8b4db0&lang.css
9:37:34 AM [vite] hmr update /src/views/ArticleDetail.vue
9:37:56 AM [vite] hmr update /src/views/ArticleDetail.vue
9:38:06 AM [vite] hmr update /src/views/ArticleDetail.vue
9:38:27 AM [vite] hmr update /src/views/ArticleDetail.vue?vue&type=style&index=0&scoped=3a8b4db0&lang.css
9:38:32 AM [vite] hmr update /src/views/ArticleDetail.vue, /src/views/ArticleDetail.vue?vue&type=style&index=0&scoped=3a8b4db0&lang.css
9:38:35 AM [vite] hmr update /src/views/ArticleDetail.vue

> blog-frontend@1.0.0 dev
> vite

Port 3000 is in use, trying another one...
Port 3001 is in use, trying another one...

  VITE v5.4.21  ready in 203 ms

  ➜  Local:   http://localhost:3002/
  ➜  Network: use --host to expose
